<?xml version="1.0" encoding="UTF-8"?>
<testsuite xmlns:xsi="http://www.w3.org/2001/XMLSchema-instance" xsi:noNamespaceSchemaLocation="https://maven.apache.org/surefire/maven-surefire-plugin/xsd/surefire-test-report-3.0.xsd" version="3.0" name="cucumber_example.TestRunner" time="0.657" tests="5" errors="0" skipped="0" failures="0">
  <properties>
[...]
</properties>
  <testcase name="vowels counting #1" classname="determine how many vowels there are in some text." time="0.262"/>
  <testcase name="vowels counting #2" classname="determine how many vowels there are in some text." time="0.028"/>
  <testcase name="vowels counting #3" classname="determine how many vowels there are in some text." time="0.028"/>
  <testcase name="vowels counting #4" classname="determine how many vowels there are in some text." time="0.013"/>
  <testcase name="vowels counting #5" classname="determine how many vowels there are in some text." time="0.013"/>
</testsuite>